
INFO [2023-11-09T06:36:22.708Z]: Split failed to initialize
ERROR [2023-11-09T06:36:22.892Z]: Split initialisation timed out in 12000ms.
INFO [2023-11-09T06:36:22.893Z]: Tracking open event
INFO [2023-11-09T06:36:22.920Z]: Creating language service
INFO [2023-11-09T06:36:22.922Z]: Creating settings service
INFO [2023-11-09T06:36:22.923Z]: Creating workspace service
INFO [2023-11-09T06:36:22.924Z]: Creating remote AI
INFO [2023-11-09T06:36:22.924Z]: Creating feedback service
INFO [2023-11-09T06:36:22.925Z]: Creating share service
INFO [2023-11-09T06:36:22.925Z]: Creating workspace controller
INFO [2023-11-09T06:36:22.927Z]: Enabling workspace listeners
INFO [2023-11-09T06:36:22.934Z]: Creating source
INFO [2023-11-09T06:36:22.935Z]: Initializing workspace controller
INFO [2023-11-09T06:36:22.942Z]: opened
INFO [2023-11-09T06:36:22.942Z]: {}
INFO [2023-11-12T16:34:13.037Z]: Tracking open event
INFO [2023-11-12T16:34:13.043Z]: Creating language service
INFO [2023-11-12T16:34:13.044Z]: Creating settings service
INFO [2023-11-12T16:34:13.044Z]: Creating workspace service
INFO [2023-11-12T16:34:13.044Z]: Creating remote AI
INFO [2023-11-12T16:34:13.044Z]: Creating feedback service
INFO [2023-11-12T16:34:13.045Z]: Creating share service
INFO [2023-11-12T16:34:13.045Z]: Creating workspace controller
INFO [2023-11-12T16:34:13.045Z]: Enabling workspace listeners
INFO [2023-11-12T16:34:13.046Z]: Creating source
INFO [2023-11-12T16:34:13.046Z]: Initializing workspace controller
INFO [2023-11-12T16:34:13.048Z]: opened
INFO [2023-11-12T16:34:13.048Z]: {}
INFO [2023-11-16T20:07:26.687Z]: Split failed to initialize
ERROR [2023-11-16T20:07:26.779Z]: Split initialisation timed out in 12000ms.
INFO [2023-11-16T20:07:26.780Z]: Tracking open event
INFO [2023-11-16T20:07:26.803Z]: Creating language service
INFO [2023-11-16T20:07:26.804Z]: Creating settings service
INFO [2023-11-16T20:07:26.804Z]: Creating workspace service
INFO [2023-11-16T20:07:26.804Z]: Creating remote AI
INFO [2023-11-16T20:07:26.804Z]: Creating feedback service
INFO [2023-11-16T20:07:26.804Z]: Creating share service
INFO [2023-11-16T20:07:26.805Z]: Creating workspace controller
INFO [2023-11-16T20:07:26.805Z]: Enabling workspace listeners
INFO [2023-11-16T20:07:26.808Z]: Creating source
INFO [2023-11-16T20:07:26.808Z]: Initializing workspace controller
INFO [2023-11-16T20:07:26.810Z]: opened
INFO [2023-11-16T20:07:26.810Z]: {}